<?xml version="1.0" encoding="UTF-8"?>
<!-- Generated by org.testng.reporters.JUnitReportReporter -->
<testsuite hostname="ADMIN-PC" name="Intialization.LoginPageTest" tests="10" failures="0" timestamp="2 Jan 2020 05:15:15 GMT" time="4.153" errors="0">
  <testcase name="Logout" time="0.124" classname="Intialization.LoginPageTest"/>
  <testcase name="verifyclearTest" time="0.040" classname="Intialization.LoginPageTest"/>
  <testcase name="verifyHomepageTitle" time="0.022" classname="Intialization.LoginPageTest"/>
  <testcase name="LogoutTitleTest" time="0.015" classname="Intialization.LoginPageTest"/>
  <testcase name="verifyUNTest" time="0.072" classname="Intialization.LoginPageTest"/>
  <testcase name="verifyUserNameLabelTest" time="0.057" classname="Intialization.LoginPageTest"/>
  <testcase name="pwdLabelTest" time="0.051" classname="Intialization.LoginPageTest"/>
  <testcase name="submitLabelTest" time="0.042" classname="Intialization.LoginPageTest"/>
  <testcase name="verifyTitleTest" time="0.012" classname="Intialization.LoginPageTest"/>
  <testcase name="login" time="3.718" classname="Intialization.LoginPageTest"/>
</testsuite> <!-- Intialization.LoginPageTest -->
