<?xml version="1.0" encoding="UTF-8"?>
<!-- Generated by org.testng.reporters.JUnitReportReporter -->
<testsuite hostname="ADMIN-PC" name="com.orange.qa.testcases.LoginPageTest" tests="10" failures="0" timestamp="2 Jan 2020 05:11:48 GMT" time="6.028" errors="0">
  <testcase name="verifyHomepageTitle" time="0.021" classname="com.orange.qa.testcases.LoginPageTest"/>
  <testcase name="verifyUserNameLabelTest" time="0.056" classname="com.orange.qa.testcases.LoginPageTest"/>
  <testcase name="pwdLabelTest" time="0.042" classname="com.orange.qa.testcases.LoginPageTest"/>
  <testcase name="login" time="5.615" classname="com.orange.qa.testcases.LoginPageTest"/>
  <testcase name="verifyUNTest" time="0.068" classname="com.orange.qa.testcases.LoginPageTest"/>
  <testcase name="submitLabelTest" time="0.043" classname="com.orange.qa.testcases.LoginPageTest"/>
  <testcase name="LogoutTitleTest" time="0.009" classname="com.orange.qa.testcases.LoginPageTest"/>
  <testcase name="verifyTitleTest" time="0.014" classname="com.orange.qa.testcases.LoginPageTest"/>
  <testcase name="verifyclearTest" time="0.040" classname="com.orange.qa.testcases.LoginPageTest"/>
  <testcase name="Logout" time="0.120" classname="com.orange.qa.testcases.LoginPageTest"/>
</testsuite> <!-- com.orange.qa.testcases.LoginPageTest -->
