<?xml version="1.0" encoding="UTF-8"?>
<!-- Generated by org.testng.reporters.JUnitReportReporter -->
<testsuite hostname="ADMIN-PC" name="Intialization.LoginnPageTest" tests="4" failures="0" timestamp="2 Jan 2020 07:36:05 GMT" time="0.204" errors="0">
  <testcase name="loginverifyPWD" time="0.044" classname="Intialization.LoginnPageTest"/>
  <testcase name="loginSubmit" time="0.039" classname="Intialization.LoginnPageTest"/>
  <testcase name="verifyClear" time="0.041" classname="Intialization.LoginnPageTest"/>
  <testcase name="loginVerifyUN" time="0.080" classname="Intialization.LoginnPageTest"/>
</testsuite> <!-- Intialization.LoginnPageTest -->
